mode: set
codeberg.org/snonux/snonux/cmd/snonux/main.go:36.13,38.16 2 0
codeberg.org/snonux/snonux/cmd/snonux/main.go:38.16,40.3 1 0
codeberg.org/snonux/snonux/cmd/snonux/main.go:42.2,42.14 1 0
codeberg.org/snonux/snonux/cmd/snonux/main.go:43.19,45.9 2 0
codeberg.org/snonux/snonux/cmd/snonux/main.go:46.22,48.9 2 0
codeberg.org/snonux/snonux/cmd/snonux/main.go:51.2,51.33 1 0
codeberg.org/snonux/snonux/cmd/snonux/main.go:51.33,53.3 1 0
codeberg.org/snonux/snonux/cmd/snonux/main.go:55.2,55.14 1 0
codeberg.org/snonux/snonux/cmd/snonux/main.go:55.14,56.51 1 0
codeberg.org/snonux/snonux/cmd/snonux/main.go:56.51,58.4 1 0
codeberg.org/snonux/snonux/cmd/snonux/main.go:67.65,83.39 13 1
codeberg.org/snonux/snonux/cmd/snonux/main.go:83.39,85.3 1 1
codeberg.org/snonux/snonux/cmd/snonux/main.go:87.2,87.17 1 1
codeberg.org/snonux/snonux/cmd/snonux/main.go:87.17,89.3 1 1
codeberg.org/snonux/snonux/cmd/snonux/main.go:91.2,91.17 1 1
codeberg.org/snonux/snonux/cmd/snonux/main.go:91.17,93.3 1 1
codeberg.org/snonux/snonux/cmd/snonux/main.go:96.2,96.27 1 1
codeberg.org/snonux/snonux/cmd/snonux/main.go:96.27,100.3 3 1
codeberg.org/snonux/snonux/cmd/snonux/main.go:102.2,105.16 3 1
codeberg.org/snonux/snonux/cmd/snonux/main.go:105.16,107.3 1 0
codeberg.org/snonux/snonux/cmd/snonux/main.go:109.2,110.16 2 1
codeberg.org/snonux/snonux/cmd/snonux/main.go:110.16,112.3 1 0
codeberg.org/snonux/snonux/cmd/snonux/main.go:114.2,114.48 1 1
codeberg.org/snonux/snonux/cmd/snonux/main.go:114.48,116.3 1 0
codeberg.org/snonux/snonux/cmd/snonux/main.go:118.2,118.49 1 1
codeberg.org/snonux/snonux/cmd/snonux/main.go:118.49,120.3 1 0
codeberg.org/snonux/snonux/cmd/snonux/main.go:122.2,122.26 1 1
codeberg.org/snonux/snonux/cmd/snonux/main.go:126.46,127.38 1 1
codeberg.org/snonux/snonux/cmd/snonux/main.go:127.38,129.3 1 1
codeberg.org/snonux/snonux/cmd/snonux/main.go:131.2,132.16 2 1
codeberg.org/snonux/snonux/cmd/snonux/main.go:132.16,134.3 1 0
codeberg.org/snonux/snonux/cmd/snonux/main.go:136.2,136.43 1 1
codeberg.org/snonux/snonux/cmd/snonux/main.go:140.36,142.16 2 1
codeberg.org/snonux/snonux/cmd/snonux/main.go:142.16,144.3 1 0
codeberg.org/snonux/snonux/cmd/snonux/main.go:146.2,148.43 2 1
codeberg.org/snonux/snonux/cmd/snonux/main.go:148.43,150.3 1 0
codeberg.org/snonux/snonux/cmd/snonux/main.go:152.2,154.12 2 1
codeberg.org/snonux/snonux/cmd/snonux/main.go:159.34,161.24 2 1
codeberg.org/snonux/snonux/cmd/snonux/main.go:161.24,163.3 1 1
codeberg.org/snonux/snonux/cmd/snonux/main.go:164.2,164.16 1 1
codeberg.org/snonux/snonux/cmd/snonux/main.go:164.16,166.3 1 0
codeberg.org/snonux/snonux/cmd/snonux/main.go:167.2,167.19 1 1
codeberg.org/snonux/snonux/cmd/snonux/main.go:167.19,169.3 1 1
codeberg.org/snonux/snonux/cmd/snonux/main.go:171.2,171.12 1 1
codeberg.org/snonux/snonux/cmd/snonux/sync.go:26.43,27.35 1 0
codeberg.org/snonux/snonux/cmd/snonux/sync.go:27.35,28.26 1 0
codeberg.org/snonux/snonux/cmd/snonux/sync.go:28.26,31.4 2 0
codeberg.org/snonux/snonux/cmd/snonux/sync.go:34.2,35.19 2 0
codeberg.org/snonux/snonux/cmd/snonux/sync.go:35.19,37.17 2 0
codeberg.org/snonux/snonux/cmd/snonux/sync.go:37.17,39.4 1 0
codeberg.org/snonux/snonux/cmd/snonux/sync.go:40.3,40.23 1 0
codeberg.org/snonux/snonux/cmd/snonux/sync.go:43.2,44.16 2 0
codeberg.org/snonux/snonux/cmd/snonux/sync.go:44.16,46.3 1 0
codeberg.org/snonux/snonux/cmd/snonux/sync.go:47.2,50.35 3 0
codeberg.org/snonux/snonux/cmd/snonux/sync.go:50.35,56.35 6 0
codeberg.org/snonux/snonux/cmd/snonux/sync.go:56.35,58.4 1 0
codeberg.org/snonux/snonux/cmd/snonux/sync.go:60.2,60.12 1 0
codeberg.org/snonux/snonux/cmd/snonux/sync.go:63.37,71.2 6 0
codeberg.org/snonux/snonux/internal/post/post.go:44.39,46.16 2 1
codeberg.org/snonux/snonux/internal/post/post.go:46.16,48.3 1 0
codeberg.org/snonux/snonux/internal/post/post.go:50.2,51.56 2 1
codeberg.org/snonux/snonux/internal/post/post.go:51.56,53.3 1 0
codeberg.org/snonux/snonux/internal/post/post.go:55.2,55.12 1 1
codeberg.org/snonux/snonux/internal/post/post.go:59.38,63.16 3 1
codeberg.org/snonux/snonux/internal/post/post.go:63.16,65.3 1 1
codeberg.org/snonux/snonux/internal/post/post.go:67.2,68.49 2 1
codeberg.org/snonux/snonux/internal/post/post.go:68.49,70.3 1 1
codeberg.org/snonux/snonux/internal/post/post.go:72.2,72.16 1 1
codeberg.org/snonux/snonux/internal/post/post.go:77.44,79.17 2 1
codeberg.org/snonux/snonux/internal/post/post.go:79.17,81.3 1 1
codeberg.org/snonux/snonux/internal/post/post.go:83.2,83.43 1 1
codeberg.org/snonux/snonux/internal/generator/atom/atom.go:51.61,53.24 2 1
codeberg.org/snonux/snonux/internal/generator/atom/atom.go:53.24,55.3 1 1
codeberg.org/snonux/snonux/internal/generator/atom/atom.go:57.2,61.21 4 1
codeberg.org/snonux/snonux/internal/generator/atom/atom.go:61.21,63.3 1 1
codeberg.org/snonux/snonux/internal/generator/atom/atom.go:65.2,74.63 2 1
codeberg.org/snonux/snonux/internal/generator/atom/atom.go:77.63,81.26 3 1
codeberg.org/snonux/snonux/internal/generator/atom/atom.go:81.26,92.3 2 1
codeberg.org/snonux/snonux/internal/generator/atom/atom.go:94.2,94.16 1 1
codeberg.org/snonux/snonux/internal/generator/atom/atom.go:97.43,99.16 2 1
codeberg.org/snonux/snonux/internal/generator/atom/atom.go:99.16,101.3 1 0
codeberg.org/snonux/snonux/internal/generator/atom/atom.go:103.2,105.59 2 1
codeberg.org/snonux/snonux/internal/generator/atom/atom.go:105.59,107.3 1 0
codeberg.org/snonux/snonux/internal/generator/atom/atom.go:109.2,109.12 1 1
codeberg.org/snonux/snonux/internal/processor/audio.go:12.94,16.51 3 1
codeberg.org/snonux/snonux/internal/processor/audio.go:16.51,18.3 1 0
codeberg.org/snonux/snonux/internal/processor/audio.go:21.2,27.27 3 1
codeberg.org/snonux/snonux/internal/processor/audio.go:31.38,33.16 2 1
codeberg.org/snonux/snonux/internal/processor/audio.go:33.16,35.3 1 0
codeberg.org/snonux/snonux/internal/processor/audio.go:36.2,39.16 3 1
codeberg.org/snonux/snonux/internal/processor/audio.go:39.16,41.3 1 0
codeberg.org/snonux/snonux/internal/processor/audio.go:42.2,44.44 2 1
codeberg.org/snonux/snonux/internal/processor/audio.go:44.44,46.3 1 0
codeberg.org/snonux/snonux/internal/processor/audio.go:48.2,48.12 1 1
codeberg.org/snonux/snonux/internal/processor/image.go:23.94,25.16 2 1
codeberg.org/snonux/snonux/internal/processor/image.go:25.16,27.3 1 0
codeberg.org/snonux/snonux/internal/processor/image.go:29.2,34.48 4 1
codeberg.org/snonux/snonux/internal/processor/image.go:34.48,36.3 1 0
codeberg.org/snonux/snonux/internal/processor/image.go:39.2,42.27 3 1
codeberg.org/snonux/snonux/internal/processor/image.go:46.55,48.16 2 1
codeberg.org/snonux/snonux/internal/processor/image.go:48.16,50.3 1 0
codeberg.org/snonux/snonux/internal/processor/image.go:51.2,54.13 3 1
codeberg.org/snonux/snonux/internal/processor/image.go:55.23,57.17 2 0
codeberg.org/snonux/snonux/internal/processor/image.go:57.17,59.4 1 0
codeberg.org/snonux/snonux/internal/processor/image.go:60.3,60.18 1 0
codeberg.org/snonux/snonux/internal/processor/image.go:62.14,64.17 2 1
codeberg.org/snonux/snonux/internal/processor/image.go:64.17,66.4 1 0
codeberg.org/snonux/snonux/internal/processor/image.go:67.3,67.18 1 1
codeberg.org/snonux/snonux/internal/processor/image.go:69.14,72.17 2 0
codeberg.org/snonux/snonux/internal/processor/image.go:72.17,74.4 1 0
codeberg.org/snonux/snonux/internal/processor/image.go:75.3,75.16 1 0
codeberg.org/snonux/snonux/internal/processor/image.go:77.10,78.62 1 0
codeberg.org/snonux/snonux/internal/processor/image.go:84.50,88.24 3 1
codeberg.org/snonux/snonux/internal/processor/image.go:88.24,90.3 1 1
codeberg.org/snonux/snonux/internal/processor/image.go:92.2,99.12 6 0
codeberg.org/snonux/snonux/internal/processor/image.go:103.52,105.16 2 1
codeberg.org/snonux/snonux/internal/processor/image.go:105.16,107.3 1 0
codeberg.org/snonux/snonux/internal/processor/image.go:108.2,111.50 3 1
codeberg.org/snonux/snonux/internal/processor/image.go:111.50,113.3 1 0
codeberg.org/snonux/snonux/internal/processor/image.go:115.2,115.12 1 1
codeberg.org/snonux/snonux/internal/processor/markdown.go:27.83,29.16 2 1
codeberg.org/snonux/snonux/internal/processor/markdown.go:29.16,31.3 1 0
codeberg.org/snonux/snonux/internal/processor/markdown.go:34.2,45.47 4 1
codeberg.org/snonux/snonux/internal/processor/markdown.go:45.47,47.3 1 0
codeberg.org/snonux/snonux/internal/processor/markdown.go:49.2,49.39 1 1
codeberg.org/snonux/snonux/internal/processor/markdown.go:54.60,58.28 3 1
codeberg.org/snonux/snonux/internal/processor/markdown.go:58.28,61.78 2 1
codeberg.org/snonux/snonux/internal/processor/markdown.go:61.78,62.12 1 1
codeberg.org/snonux/snonux/internal/processor/markdown.go:65.3,66.47 2 1
codeberg.org/snonux/snonux/internal/processor/markdown.go:66.47,68.4 1 1
codeberg.org/snonux/snonux/internal/processor/markdown.go:71.2,71.15 1 1
codeberg.org/snonux/snonux/internal/processor/processor.go:38.43,40.16 2 1
codeberg.org/snonux/snonux/internal/processor/processor.go:40.16,42.3 1 1
codeberg.org/snonux/snonux/internal/processor/processor.go:44.2,45.53 2 1
codeberg.org/snonux/snonux/internal/processor/processor.go:45.53,47.3 1 0
codeberg.org/snonux/snonux/internal/processor/processor.go:51.2,52.16 2 1
codeberg.org/snonux/snonux/internal/processor/processor.go:52.16,54.3 1 1
codeberg.org/snonux/snonux/internal/processor/processor.go:56.2,58.32 2 1
codeberg.org/snonux/snonux/internal/processor/processor.go:58.32,59.60 1 1
codeberg.org/snonux/snonux/internal/processor/processor.go:59.60,60.12 1 0
codeberg.org/snonux/snonux/internal/processor/processor.go:62.3,62.28 1 1
codeberg.org/snonux/snonux/internal/processor/processor.go:62.28,63.12 1 1
codeberg.org/snonux/snonux/internal/processor/processor.go:66.3,67.56 2 1
codeberg.org/snonux/snonux/internal/processor/processor.go:67.56,69.4 1 1
codeberg.org/snonux/snonux/internal/processor/processor.go:71.3,71.10 1 1
codeberg.org/snonux/snonux/internal/processor/processor.go:74.2,74.19 1 1
codeberg.org/snonux/snonux/internal/processor/processor.go:80.89,83.32 2 1
codeberg.org/snonux/snonux/internal/processor/processor.go:83.32,84.76 1 1
codeberg.org/snonux/snonux/internal/processor/processor.go:84.76,85.12 1 1
codeberg.org/snonux/snonux/internal/processor/processor.go:88.3,90.17 3 1
codeberg.org/snonux/snonux/internal/processor/processor.go:90.17,92.4 1 1
codeberg.org/snonux/snonux/internal/processor/processor.go:94.3,94.67 1 1
codeberg.org/snonux/snonux/internal/processor/processor.go:94.67,96.4 1 1
codeberg.org/snonux/snonux/internal/processor/processor.go:99.2,99.21 1 1
codeberg.org/snonux/snonux/internal/processor/processor.go:104.50,109.52 4 1
codeberg.org/snonux/snonux/internal/processor/processor.go:109.52,111.3 1 0
codeberg.org/snonux/snonux/internal/processor/processor.go:113.2,114.16 2 1
codeberg.org/snonux/snonux/internal/processor/processor.go:114.16,118.3 2 1
codeberg.org/snonux/snonux/internal/processor/processor.go:120.2,120.40 1 1
codeberg.org/snonux/snonux/internal/processor/processor.go:120.40,123.3 2 0
codeberg.org/snonux/snonux/internal/processor/processor.go:127.2,127.35 1 1
codeberg.org/snonux/snonux/internal/processor/processor.go:127.35,129.3 1 1
codeberg.org/snonux/snonux/internal/processor/processor.go:132.2,132.27 1 1
codeberg.org/snonux/snonux/internal/processor/processor.go:139.75,142.13 2 1
codeberg.org/snonux/snonux/internal/processor/processor.go:143.14,145.21 2 1
codeberg.org/snonux/snonux/internal/processor/processor.go:147.13,148.49 1 1
codeberg.org/snonux/snonux/internal/processor/processor.go:150.39,152.21 2 1
codeberg.org/snonux/snonux/internal/processor/processor.go:154.14,156.21 2 1
codeberg.org/snonux/snonux/internal/processor/processor.go:158.10,159.64 1 1
codeberg.org/snonux/snonux/internal/processor/processor.go:163.60,165.16 2 1
codeberg.org/snonux/snonux/internal/processor/processor.go:165.16,167.3 1 0
codeberg.org/snonux/snonux/internal/processor/processor.go:169.2,174.8 1 1
codeberg.org/snonux/snonux/internal/processor/processor.go:177.83,179.16 2 1
codeberg.org/snonux/snonux/internal/processor/processor.go:179.16,181.3 1 0
codeberg.org/snonux/snonux/internal/processor/processor.go:183.2,186.16 3 1
codeberg.org/snonux/snonux/internal/processor/processor.go:186.16,188.3 1 0
codeberg.org/snonux/snonux/internal/processor/processor.go:192.2,192.35 1 1
codeberg.org/snonux/snonux/internal/processor/processor.go:192.35,196.3 1 1
codeberg.org/snonux/snonux/internal/processor/processor.go:198.2,199.35 2 1
codeberg.org/snonux/snonux/internal/processor/processor.go:199.35,201.3 1 1
codeberg.org/snonux/snonux/internal/processor/processor.go:203.2,209.21 1 1
codeberg.org/snonux/snonux/internal/processor/processor.go:212.70,214.16 2 1
codeberg.org/snonux/snonux/internal/processor/processor.go:214.16,216.3 1 0
codeberg.org/snonux/snonux/internal/processor/processor.go:218.2,224.8 1 1
codeberg.org/snonux/snonux/internal/processor/processor.go:227.70,229.16 2 1
codeberg.org/snonux/snonux/internal/processor/processor.go:229.16,231.3 1 0
codeberg.org/snonux/snonux/internal/processor/processor.go:233.2,239.8 1 1
codeberg.org/snonux/snonux/internal/processor/processor.go:244.87,247.33 2 1
codeberg.org/snonux/snonux/internal/processor/processor.go:247.33,251.44 3 1
codeberg.org/snonux/snonux/internal/processor/processor.go:251.44,253.4 1 0
codeberg.org/snonux/snonux/internal/processor/processor.go:255.3,255.32 1 1
codeberg.org/snonux/snonux/internal/processor/processor.go:258.2,258.20 1 1
codeberg.org/snonux/snonux/internal/processor/processor.go:263.52,264.20 1 1
codeberg.org/snonux/snonux/internal/processor/processor.go:264.20,266.73 2 1
codeberg.org/snonux/snonux/internal/processor/processor.go:266.73,268.4 1 1
codeberg.org/snonux/snonux/internal/processor/txt.go:18.46,20.16 2 1
codeberg.org/snonux/snonux/internal/processor/txt.go:20.16,22.3 1 0
codeberg.org/snonux/snonux/internal/processor/txt.go:24.2,25.15 2 1
codeberg.org/snonux/snonux/internal/processor/txt.go:25.15,27.3 1 0
codeberg.org/snonux/snonux/internal/processor/txt.go:30.2,33.34 3 1
codeberg.org/snonux/snonux/internal/processor/txt.go:33.34,35.20 2 1
codeberg.org/snonux/snonux/internal/processor/txt.go:35.20,36.12 1 0
codeberg.org/snonux/snonux/internal/processor/txt.go:38.3,38.60 1 1
codeberg.org/snonux/snonux/internal/processor/txt.go:41.2,41.25 1 1
codeberg.org/snonux/snonux/internal/processor/txt.go:46.42,50.29 3 1
codeberg.org/snonux/snonux/internal/processor/txt.go:50.29,51.44 1 1
codeberg.org/snonux/snonux/internal/processor/txt.go:51.44,53.4 1 1
codeberg.org/snonux/snonux/internal/processor/txt.go:56.2,56.42 1 1
codeberg.org/snonux/snonux/internal/processor/txt.go:61.39,63.20 2 1
codeberg.org/snonux/snonux/internal/processor/txt.go:63.20,65.3 1 1
codeberg.org/snonux/snonux/internal/processor/txt.go:67.2,70.27 3 1
codeberg.org/snonux/snonux/internal/processor/txt.go:70.27,80.21 6 1
codeberg.org/snonux/snonux/internal/processor/txt.go:80.21,82.4 1 1
codeberg.org/snonux/snonux/internal/processor/txt.go:84.3,84.16 1 1
codeberg.org/snonux/snonux/internal/processor/txt.go:87.2,89.20 2 1
codeberg.org/snonux/snonux/internal/processor/txt.go:95.40,98.68 2 1
codeberg.org/snonux/snonux/internal/processor/txt.go:98.68,100.3 1 1
codeberg.org/snonux/snonux/internal/processor/txt.go:102.2,102.10 1 1
codeberg.org/snonux/snonux/internal/generator/favicon.go:16.43,18.16 2 1
codeberg.org/snonux/snonux/internal/generator/favicon.go:18.16,20.3 1 0
codeberg.org/snonux/snonux/internal/generator/favicon.go:22.2,22.91 1 1
codeberg.org/snonux/snonux/internal/generator/favicon.go:22.91,24.3 1 0
codeberg.org/snonux/snonux/internal/generator/favicon.go:26.2,26.12 1 1
codeberg.org/snonux/snonux/internal/generator/favicon.go:29.43,53.25 18 1
codeberg.org/snonux/snonux/internal/generator/favicon.go:53.25,57.3 3 1
codeberg.org/snonux/snonux/internal/generator/favicon.go:59.2,59.23 1 1
codeberg.org/snonux/snonux/internal/generator/favicon.go:62.66,64.23 2 1
codeberg.org/snonux/snonux/internal/generator/favicon.go:64.23,66.3 1 0
codeberg.org/snonux/snonux/internal/generator/favicon.go:67.2,67.23 1 1
codeberg.org/snonux/snonux/internal/generator/favicon.go:67.23,69.3 1 0
codeberg.org/snonux/snonux/internal/generator/favicon.go:70.2,70.23 1 1
codeberg.org/snonux/snonux/internal/generator/favicon.go:70.23,72.3 1 0
codeberg.org/snonux/snonux/internal/generator/favicon.go:73.2,73.23 1 1
codeberg.org/snonux/snonux/internal/generator/favicon.go:73.23,75.3 1 0
codeberg.org/snonux/snonux/internal/generator/favicon.go:77.2,77.27 1 1
codeberg.org/snonux/snonux/internal/generator/favicon.go:77.27,78.28 1 1
codeberg.org/snonux/snonux/internal/generator/favicon.go:78.28,80.4 1 1
codeberg.org/snonux/snonux/internal/generator/favicon.go:84.49,86.34 2 1
codeberg.org/snonux/snonux/internal/generator/favicon.go:86.34,88.3 1 0
codeberg.org/snonux/snonux/internal/generator/favicon.go:90.2,105.29 8 1
codeberg.org/snonux/snonux/internal/generator/favicon.go:105.29,107.3 1 1
codeberg.org/snonux/snonux/internal/generator/favicon.go:109.2,109.41 1 1
codeberg.org/snonux/snonux/internal/generator/favicon.go:109.41,111.3 1 0
codeberg.org/snonux/snonux/internal/generator/favicon.go:112.2,112.41 1 1
codeberg.org/snonux/snonux/internal/generator/favicon.go:112.41,114.3 1 0
codeberg.org/snonux/snonux/internal/generator/favicon.go:115.2,115.41 1 1
codeberg.org/snonux/snonux/internal/generator/favicon.go:115.41,117.3 1 0
codeberg.org/snonux/snonux/internal/generator/favicon.go:119.2,119.52 1 1
codeberg.org/snonux/snonux/internal/generator/favicon.go:119.52,121.3 1 0
codeberg.org/snonux/snonux/internal/generator/favicon.go:122.2,122.52 1 1
codeberg.org/snonux/snonux/internal/generator/favicon.go:122.52,124.3 1 0
codeberg.org/snonux/snonux/internal/generator/favicon.go:125.2,125.41 1 1
codeberg.org/snonux/snonux/internal/generator/favicon.go:125.41,127.3 1 0
codeberg.org/snonux/snonux/internal/generator/favicon.go:128.2,128.41 1 1
codeberg.org/snonux/snonux/internal/generator/favicon.go:128.41,130.3 1 0
codeberg.org/snonux/snonux/internal/generator/favicon.go:131.2,131.41 1 1
codeberg.org/snonux/snonux/internal/generator/favicon.go:131.41,133.3 1 0
codeberg.org/snonux/snonux/internal/generator/favicon.go:134.2,134.52 1 1
codeberg.org/snonux/snonux/internal/generator/favicon.go:134.52,136.3 1 0
codeberg.org/snonux/snonux/internal/generator/favicon.go:137.2,137.49 1 1
codeberg.org/snonux/snonux/internal/generator/favicon.go:137.49,139.3 1 0
codeberg.org/snonux/snonux/internal/generator/favicon.go:140.2,140.51 1 1
codeberg.org/snonux/snonux/internal/generator/favicon.go:140.51,142.3 1 0
codeberg.org/snonux/snonux/internal/generator/favicon.go:144.2,144.56 1 1
codeberg.org/snonux/snonux/internal/generator/favicon.go:144.56,146.3 1 0
codeberg.org/snonux/snonux/internal/generator/favicon.go:147.2,147.45 1 1
codeberg.org/snonux/snonux/internal/generator/favicon.go:147.45,149.3 1 0
codeberg.org/snonux/snonux/internal/generator/favicon.go:150.2,150.49 1 1
codeberg.org/snonux/snonux/internal/generator/favicon.go:150.49,152.3 1 0
codeberg.org/snonux/snonux/internal/generator/favicon.go:153.2,153.41 1 1
codeberg.org/snonux/snonux/internal/generator/favicon.go:153.41,155.3 1 0
codeberg.org/snonux/snonux/internal/generator/favicon.go:156.2,156.52 1 1
codeberg.org/snonux/snonux/internal/generator/favicon.go:156.52,158.3 1 0
codeberg.org/snonux/snonux/internal/generator/favicon.go:159.2,159.41 1 1
codeberg.org/snonux/snonux/internal/generator/favicon.go:159.41,161.3 1 0
codeberg.org/snonux/snonux/internal/generator/favicon.go:162.2,162.60 1 1
codeberg.org/snonux/snonux/internal/generator/favicon.go:162.60,164.3 1 0
codeberg.org/snonux/snonux/internal/generator/favicon.go:165.2,165.40 1 1
codeberg.org/snonux/snonux/internal/generator/favicon.go:165.40,167.3 1 0
codeberg.org/snonux/snonux/internal/generator/favicon.go:168.2,168.40 1 1
codeberg.org/snonux/snonux/internal/generator/favicon.go:168.40,170.3 1 0
codeberg.org/snonux/snonux/internal/generator/favicon.go:171.2,171.41 1 1
codeberg.org/snonux/snonux/internal/generator/favicon.go:171.41,173.3 1 0
codeberg.org/snonux/snonux/internal/generator/favicon.go:174.2,174.41 1 1
codeberg.org/snonux/snonux/internal/generator/favicon.go:174.41,176.3 1 0
codeberg.org/snonux/snonux/internal/generator/favicon.go:178.2,178.42 1 1
codeberg.org/snonux/snonux/internal/generator/favicon.go:178.42,179.38 1 1
codeberg.org/snonux/snonux/internal/generator/favicon.go:179.38,181.55 2 1
codeberg.org/snonux/snonux/internal/generator/favicon.go:181.55,183.5 1 0
codeberg.org/snonux/snonux/internal/generator/favicon.go:184.4,184.54 1 1
codeberg.org/snonux/snonux/internal/generator/favicon.go:184.54,186.5 1 0
codeberg.org/snonux/snonux/internal/generator/favicon.go:187.4,187.54 1 1
codeberg.org/snonux/snonux/internal/generator/favicon.go:187.54,189.5 1 0
codeberg.org/snonux/snonux/internal/generator/favicon.go:190.4,190.54 1 1
codeberg.org/snonux/snonux/internal/generator/favicon.go:190.54,192.5 1 0
codeberg.org/snonux/snonux/internal/generator/favicon.go:196.2,196.61 1 1
codeberg.org/snonux/snonux/internal/generator/favicon.go:196.61,198.3 1 0
codeberg.org/snonux/snonux/internal/generator/favicon.go:200.2,200.25 1 1
codeberg.org/snonux/snonux/internal/generator/generator.go:57.52,60.16 3 1
codeberg.org/snonux/snonux/internal/generator/generator.go:60.16,62.3 1 0
codeberg.org/snonux/snonux/internal/generator/generator.go:63.2,63.46 1 1
codeberg.org/snonux/snonux/internal/generator/generator.go:63.46,65.3 1 0
codeberg.org/snonux/snonux/internal/generator/generator.go:66.2,66.15 1 1
codeberg.org/snonux/snonux/internal/generator/generator.go:70.43,72.16 2 1
codeberg.org/snonux/snonux/internal/generator/generator.go:72.16,74.3 1 0
codeberg.org/snonux/snonux/internal/generator/generator.go:75.2,76.16 2 1
codeberg.org/snonux/snonux/internal/generator/generator.go:76.16,78.3 1 0
codeberg.org/snonux/snonux/internal/generator/generator.go:79.2,79.28 1 1
codeberg.org/snonux/snonux/internal/generator/generator.go:84.36,86.16 2 1
codeberg.org/snonux/snonux/internal/generator/generator.go:86.16,88.3 1 0
codeberg.org/snonux/snonux/internal/generator/generator.go:90.2,90.40 1 1
codeberg.org/snonux/snonux/internal/generator/generator.go:90.40,92.3 1 0
codeberg.org/snonux/snonux/internal/generator/generator.go:94.2,99.16 3 1
codeberg.org/snonux/snonux/internal/generator/generator.go:99.16,101.3 1 0
codeberg.org/snonux/snonux/internal/generator/generator.go:102.2,104.16 3 1
codeberg.org/snonux/snonux/internal/generator/generator.go:104.16,106.3 1 0
codeberg.org/snonux/snonux/internal/generator/generator.go:108.2,108.52 1 1
codeberg.org/snonux/snonux/internal/generator/generator.go:108.52,110.3 1 0
codeberg.org/snonux/snonux/internal/generator/generator.go:111.2,111.57 1 1
codeberg.org/snonux/snonux/internal/generator/generator.go:111.57,113.3 1 0
codeberg.org/snonux/snonux/internal/generator/generator.go:114.2,114.59 1 1
codeberg.org/snonux/snonux/internal/generator/generator.go:114.59,116.3 1 0
codeberg.org/snonux/snonux/internal/generator/generator.go:118.2,120.16 3 1
codeberg.org/snonux/snonux/internal/generator/generator.go:120.16,122.3 1 0
codeberg.org/snonux/snonux/internal/generator/generator.go:123.2,124.16 2 1
codeberg.org/snonux/snonux/internal/generator/generator.go:124.16,126.3 1 0
codeberg.org/snonux/snonux/internal/generator/generator.go:128.2,128.29 1 1
codeberg.org/snonux/snonux/internal/generator/generator.go:128.29,129.99 1 1
codeberg.org/snonux/snonux/internal/generator/generator.go:129.99,131.4 1 0
codeberg.org/snonux/snonux/internal/generator/generator.go:134.2,134.34 1 1
codeberg.org/snonux/snonux/internal/generator/generator.go:138.59,142.24 3 1
codeberg.org/snonux/snonux/internal/generator/generator.go:142.24,144.3 1 1
codeberg.org/snonux/snonux/internal/generator/generator.go:145.2,145.16 1 1
codeberg.org/snonux/snonux/internal/generator/generator.go:145.16,147.3 1 0
codeberg.org/snonux/snonux/internal/generator/generator.go:149.2,151.32 2 1
codeberg.org/snonux/snonux/internal/generator/generator.go:151.32,152.21 1 1
codeberg.org/snonux/snonux/internal/generator/generator.go:152.21,153.12 1 0
codeberg.org/snonux/snonux/internal/generator/generator.go:156.3,157.17 2 1
codeberg.org/snonux/snonux/internal/generator/generator.go:157.17,159.4 1 0
codeberg.org/snonux/snonux/internal/generator/generator.go:161.3,161.27 1 1
codeberg.org/snonux/snonux/internal/generator/generator.go:164.2,164.19 1 1
codeberg.org/snonux/snonux/internal/generator/generator.go:168.64,171.44 2 1
codeberg.org/snonux/snonux/internal/generator/generator.go:171.44,173.23 2 1
codeberg.org/snonux/snonux/internal/generator/generator.go:173.23,175.4 1 1
codeberg.org/snonux/snonux/internal/generator/generator.go:176.3,176.38 1 1
codeberg.org/snonux/snonux/internal/generator/generator.go:179.2,179.14 1 1
codeberg.org/snonux/snonux/internal/generator/generator.go:183.37,184.16 1 1
codeberg.org/snonux/snonux/internal/generator/generator.go:184.16,186.3 1 1
codeberg.org/snonux/snonux/internal/generator/generator.go:187.2,187.44 1 1
codeberg.org/snonux/snonux/internal/generator/generator.go:196.175,203.16 5 1
codeberg.org/snonux/snonux/internal/generator/generator.go:203.16,205.3 1 0
codeberg.org/snonux/snonux/internal/generator/generator.go:206.2,208.46 2 1
codeberg.org/snonux/snonux/internal/generator/generator.go:208.46,210.3 1 0
codeberg.org/snonux/snonux/internal/generator/generator.go:212.2,212.12 1 1
codeberg.org/snonux/snonux/internal/generator/generator.go:216.130,218.26 2 1
codeberg.org/snonux/snonux/internal/generator/generator.go:218.26,224.3 1 1
codeberg.org/snonux/snonux/internal/generator/generator.go:226.2,229.19 2 1
codeberg.org/snonux/snonux/internal/generator/generator.go:229.19,230.21 1 1
codeberg.org/snonux/snonux/internal/generator/generator.go:230.21,232.4 1 1
codeberg.org/snonux/snonux/internal/generator/generator.go:232.9,234.4 1 1
codeberg.org/snonux/snonux/internal/generator/generator.go:238.2,238.30 1 1
codeberg.org/snonux/snonux/internal/generator/generator.go:238.30,240.3 1 1
codeberg.org/snonux/snonux/internal/generator/generator.go:242.2,256.3 1 1
codeberg.org/snonux/snonux/internal/generator/generator.go:260.41,266.2 2 1
codeberg.org/snonux/snonux/internal/generator/generator.go:270.45,271.13 1 1
codeberg.org/snonux/snonux/internal/generator/generator.go:271.13,273.3 1 1
codeberg.org/snonux/snonux/internal/generator/generator.go:275.2,277.50 2 1
codeberg.org/snonux/snonux/internal/generator/generator.go:282.48,284.16 2 1
codeberg.org/snonux/snonux/internal/generator/generator.go:284.16,286.3 1 0
codeberg.org/snonux/snonux/internal/generator/generator.go:287.2,287.89 1 1
codeberg.org/snonux/snonux/internal/generator/generator.go:287.89,289.3 1 0
codeberg.org/snonux/snonux/internal/generator/generator.go:291.2,292.16 2 1
codeberg.org/snonux/snonux/internal/generator/generator.go:292.16,294.3 1 0
codeberg.org/snonux/snonux/internal/generator/generator.go:295.2,295.87 1 1
codeberg.org/snonux/snonux/internal/generator/generator.go:295.87,297.3 1 0
codeberg.org/snonux/snonux/internal/generator/generator.go:299.2,299.12 1 1
codeberg.org/snonux/snonux/internal/generator/generator.go:304.50,306.16 2 1
codeberg.org/snonux/snonux/internal/generator/generator.go:306.16,308.3 1 0
codeberg.org/snonux/snonux/internal/generator/generator.go:310.2,311.49 2 1
codeberg.org/snonux/snonux/internal/generator/generator.go:311.49,313.3 1 0
codeberg.org/snonux/snonux/internal/generator/generator.go:315.2,315.29 1 1
codeberg.org/snonux/snonux/internal/generator/generator.go:315.29,317.49 2 1
codeberg.org/snonux/snonux/internal/generator/generator.go:317.49,319.4 1 0
codeberg.org/snonux/snonux/internal/generator/generator.go:320.3,320.52 1 1
codeberg.org/snonux/snonux/internal/generator/generator.go:320.52,322.4 1 0
codeberg.org/snonux/snonux/internal/generator/generator.go:325.2,325.12 1 1
codeberg.org/snonux/snonux/internal/generator/generator.go:329.46,331.16 2 1
codeberg.org/snonux/snonux/internal/generator/generator.go:331.16,333.3 1 0
codeberg.org/snonux/snonux/internal/generator/generator.go:334.2,334.82 1 1
codeberg.org/snonux/snonux/internal/generator/generator.go:334.82,336.3 1 0
codeberg.org/snonux/snonux/internal/generator/generator.go:338.2,339.16 2 1
codeberg.org/snonux/snonux/internal/generator/generator.go:339.16,341.3 1 0
codeberg.org/snonux/snonux/internal/generator/generator.go:342.2,342.80 1 1
codeberg.org/snonux/snonux/internal/generator/generator.go:342.80,344.3 1 0
codeberg.org/snonux/snonux/internal/generator/generator.go:346.2,347.16 2 1
codeberg.org/snonux/snonux/internal/generator/generator.go:347.16,349.3 1 0
codeberg.org/snonux/snonux/internal/generator/generator.go:350.2,350.83 1 1
codeberg.org/snonux/snonux/internal/generator/generator.go:350.83,352.3 1 0
codeberg.org/snonux/snonux/internal/generator/generator.go:354.2,355.99 2 1
codeberg.org/snonux/snonux/internal/generator/generator.go:355.99,357.3 1 0
codeberg.org/snonux/snonux/internal/generator/generator.go:359.2,359.12 1 1
codeberg.org/snonux/snonux/internal/generator/midi.go:9.57,11.2 1 0
codeberg.org/snonux/snonux/internal/generator/midi.go:13.46,16.26 3 0
codeberg.org/snonux/snonux/internal/generator/midi.go:16.26,19.15 3 0
codeberg.org/snonux/snonux/internal/generator/midi.go:19.15,21.9 2 0
codeberg.org/snonux/snonux/internal/generator/midi.go:24.2,24.25 1 0
codeberg.org/snonux/snonux/internal/generator/midi.go:24.25,26.3 1 0
codeberg.org/snonux/snonux/internal/generator/midi.go:27.2,27.18 1 0
codeberg.org/snonux/snonux/internal/generator/midi.go:30.37,31.15 1 0
codeberg.org/snonux/snonux/internal/generator/midi.go:31.15,33.3 1 0
codeberg.org/snonux/snonux/internal/generator/midi.go:34.2,35.14 2 0
codeberg.org/snonux/snonux/internal/generator/midi.go:35.14,37.3 1 0
codeberg.org/snonux/snonux/internal/generator/midi.go:38.2,38.16 1 0
codeberg.org/snonux/snonux/internal/generator/midi.go:38.16,40.3 1 0
codeberg.org/snonux/snonux/internal/generator/midi.go:41.2,41.20 1 0
codeberg.org/snonux/snonux/internal/generator/midi.go:44.39,45.17 1 0
codeberg.org/snonux/snonux/internal/generator/midi.go:45.17,47.3 1 0
codeberg.org/snonux/snonux/internal/generator/midi.go:48.2,48.76 1 0
codeberg.org/snonux/snonux/internal/generator/shared.go:23.27,25.16 2 1
codeberg.org/snonux/snonux/internal/generator/shared.go:25.16,28.3 2 0
codeberg.org/snonux/snonux/internal/generator/shared.go:29.2,29.10 1 1
codeberg.org/snonux/snonux/internal/generator/theme_sounds.go:86.45,88.2 1 1
codeberg.org/snonux/snonux/internal/generator/theme_sounds.go:97.37,99.2 1 1
codeberg.org/snonux/snonux/internal/generator/theme_sounds.go:100.37,102.2 1 1
codeberg.org/snonux/snonux/internal/generator/theme_sounds.go:116.56,119.39 3 1
codeberg.org/snonux/snonux/internal/generator/theme_sounds.go:119.39,121.23 2 1
codeberg.org/snonux/snonux/internal/generator/theme_sounds.go:121.23,123.21 2 1
codeberg.org/snonux/snonux/internal/generator/theme_sounds.go:123.21,125.5 1 0
codeberg.org/snonux/snonux/internal/generator/theme_sounds.go:125.10,127.5 1 1
codeberg.org/snonux/snonux/internal/generator/theme_sounds.go:128.4,128.12 1 1
codeberg.org/snonux/snonux/internal/generator/theme_sounds.go:130.3,132.44 2 1
codeberg.org/snonux/snonux/internal/generator/theme_sounds.go:136.2,136.32 1 1
codeberg.org/snonux/snonux/internal/generator/theme_sounds.go:136.32,138.3 1 0
codeberg.org/snonux/snonux/internal/generator/theme_sounds.go:139.2,139.12 1 1
codeberg.org/snonux/snonux/internal/generator/theme_sounds.go:145.71,152.2 2 1
codeberg.org/snonux/snonux/internal/generator/theme_sounds.go:156.50,164.2 2 1
codeberg.org/snonux/snonux/internal/generator/theme_sounds.go:168.48,172.25 4 1
codeberg.org/snonux/snonux/internal/generator/theme_sounds.go:172.25,174.23 2 1
codeberg.org/snonux/snonux/internal/generator/theme_sounds.go:174.23,176.4 1 1
codeberg.org/snonux/snonux/internal/generator/theme_sounds.go:177.3,177.44 1 1
codeberg.org/snonux/snonux/internal/generator/theme_sounds.go:179.2,179.12 1 1
codeberg.org/snonux/snonux/internal/generator/theme_sounds.go:184.61,192.2 2 1
codeberg.org/snonux/snonux/internal/generator/theme_sounds.go:195.48,202.2 1 1
codeberg.org/snonux/snonux/internal/generator/theme_sounds.go:205.48,208.25 3 1
codeberg.org/snonux/snonux/internal/generator/theme_sounds.go:208.25,211.3 2 1
codeberg.org/snonux/snonux/internal/generator/theme_sounds.go:212.2,212.12 1 1
codeberg.org/snonux/snonux/internal/generator/theme_sounds.go:217.70,224.2 2 0
codeberg.org/snonux/snonux/internal/generator/theme_sounds.go:228.51,233.2 1 1
codeberg.org/snonux/snonux/internal/generator/theme_sounds.go:236.49,244.2 2 1
codeberg.org/snonux/snonux/internal/generator/theme_sounds.go:249.55,251.2 1 1
codeberg.org/snonux/snonux/internal/generator/theme_sounds.go:254.50,263.2 3 1
codeberg.org/snonux/snonux/internal/generator/theme_sounds.go:266.49,268.26 2 1
codeberg.org/snonux/snonux/internal/generator/theme_sounds.go:268.26,270.3 1 1
codeberg.org/snonux/snonux/internal/generator/theme_sounds.go:271.2,271.12 1 1
codeberg.org/snonux/snonux/internal/generator/theme_sounds.go:277.36,277.52 1 1
codeberg.org/snonux/snonux/internal/generator/theme_sounds.go:329.31,365.2 14 1
codeberg.org/snonux/snonux/internal/generator/theme_sounds.go:370.35,406.2 14 1
codeberg.org/snonux/snonux/internal/generator/theme_sounds.go:411.36,453.2 14 1
codeberg.org/snonux/snonux/internal/generator/theme_sounds.go:458.33,494.2 14 1
codeberg.org/snonux/snonux/internal/generator/theme_sounds.go:499.36,535.2 14 1
codeberg.org/snonux/snonux/internal/generator/theme_sounds.go:540.34,578.2 14 1
codeberg.org/snonux/snonux/internal/generator/theme_sounds.go:583.33,625.2 14 1
codeberg.org/snonux/snonux/internal/generator/theme_sounds.go:630.33,666.2 14 1
codeberg.org/snonux/snonux/internal/generator/theme_sounds.go:671.32,711.2 14 1
codeberg.org/snonux/snonux/internal/generator/theme_sounds.go:716.30,762.2 16 1
codeberg.org/snonux/snonux/internal/generator/theme_sounds.go:767.32,811.2 14 1
codeberg.org/snonux/snonux/internal/generator/theme_sounds.go:816.33,855.2 14 1
codeberg.org/snonux/snonux/internal/generator/theme_sounds.go:860.38,896.2 14 1
codeberg.org/snonux/snonux/internal/generator/theme_sounds.go:901.35,943.2 14 1
codeberg.org/snonux/snonux/internal/generator/theme_sounds.go:948.35,987.2 14 1
codeberg.org/snonux/snonux/internal/generator/theme_sounds.go:992.31,1030.2 14 1
codeberg.org/snonux/snonux/internal/generator/theme_sounds.go:1035.36,1077.2 14 1
codeberg.org/snonux/snonux/internal/generator/theme_sounds.go:1082.39,1121.2 14 1
codeberg.org/snonux/snonux/internal/generator/theme_sounds.go:1126.34,1163.2 14 1
codeberg.org/snonux/snonux/internal/generator/theme_sounds.go:1167.34,1169.2 1 1
codeberg.org/snonux/snonux/internal/generator/theme_sounds.go:1172.52,1174.47 2 1
codeberg.org/snonux/snonux/internal/generator/theme_sounds.go:1174.47,1176.3 1 1
codeberg.org/snonux/snonux/internal/generator/theme_sounds.go:1177.2,1178.16 2 1
codeberg.org/snonux/snonux/internal/generator/theme_sounds.go:1178.16,1180.3 1 0
codeberg.org/snonux/snonux/internal/generator/theme_sounds.go:1181.2,1181.23 1 1
codeberg.org/snonux/snonux/internal/generator/themes.go:17.41,19.16 2 1
codeberg.org/snonux/snonux/internal/generator/themes.go:19.16,25.3 2 0
codeberg.org/snonux/snonux/internal/generator/themes.go:27.2,28.26 2 1
codeberg.org/snonux/snonux/internal/generator/themes.go:28.26,30.3 1 1
codeberg.org/snonux/snonux/internal/generator/themes.go:31.2,31.12 1 1
codeberg.org/snonux/snonux/internal/generator/themes.go:37.41,38.33 1 1
codeberg.org/snonux/snonux/internal/generator/themes.go:38.33,40.3 1 1
codeberg.org/snonux/snonux/internal/generator/themes.go:41.2,41.26 1 1
codeberg.org/snonux/snonux/internal/generator/themes.go:45.28,47.16 2 1
codeberg.org/snonux/snonux/internal/generator/themes.go:47.16,50.3 2 0
codeberg.org/snonux/snonux/internal/generator/themes.go:51.2,51.14 1 1
codeberg.org/snonux/snonux/internal/generator/templates/embed.go:23.30,25.16 2 0
codeberg.org/snonux/snonux/internal/generator/templates/embed.go:25.16,27.3 1 0
codeberg.org/snonux/snonux/internal/generator/templates/embed.go:28.2,28.23 1 0
codeberg.org/snonux/snonux/internal/generator/templates/embed.go:32.42,34.16 2 0
codeberg.org/snonux/snonux/internal/generator/templates/embed.go:34.16,36.3 1 0
codeberg.org/snonux/snonux/internal/generator/templates/embed.go:37.2,37.23 1 0
codeberg.org/snonux/snonux/internal/generator/templates/embed.go:42.34,44.2 1 0
codeberg.org/snonux/snonux/internal/generator/templates/embed.go:48.33,50.2 1 0
codeberg.org/snonux/snonux/internal/generator/templates/embed.go:53.44,55.2 1 0
codeberg.org/snonux/snonux/internal/generator/templates/embed.go:58.43,60.2 1 0
codeberg.org/snonux/snonux/internal/generator/templates/embed.go:63.45,65.2 1 0
codeberg.org/snonux/snonux/internal/generator/templates/embed.go:69.37,71.16 2 0
codeberg.org/snonux/snonux/internal/generator/templates/embed.go:71.16,73.3 1 0
codeberg.org/snonux/snonux/internal/generator/templates/embed.go:75.2,76.28 2 0
codeberg.org/snonux/snonux/internal/generator/templates/embed.go:76.28,77.17 1 0
codeberg.org/snonux/snonux/internal/generator/templates/embed.go:77.17,78.12 1 0
codeberg.org/snonux/snonux/internal/generator/templates/embed.go:80.3,80.34 1 0
codeberg.org/snonux/snonux/internal/generator/templates/embed.go:83.2,84.19 2 0
